Determining if the pthread_create exist failed with the following output:
Change Dir: /home/cair/Desktop/ss_ws/build/CMakeFiles/CMakeTmp

Run Build Command:"/usr/bin/make" "cmTC_4e8b9/fast"
/usr/bin/make -f CMakeFiles/cmTC_4e8b9.dir/build.make CMakeFiles/cmTC_4e8b9.dir/build
make[1]: Entering directory '/home/cair/Desktop/ss_ws/build/CMakeFiles/CMakeTmp'
Building C object CMakeFiles/cmTC_4e8b9.dir/CheckSymbolExists.c.o
/usr/bin/cc    -o CMakeFiles/cmTC_4e8b9.dir/CheckSymbolExists.c.o   -c /home/cair/Desktop/ss_ws/build/CMakeFiles/CMakeTmp/CheckSymbolExists.c
Linking C executable cmTC_4e8b9
/usr/local/bin/cmake -E cmake_link_script CMakeFiles/cmTC_4e8b9.dir/link.txt --verbose=1
/usr/bin/cc      -rdynamic CMakeFiles/cmTC_4e8b9.dir/CheckSymbolExists.c.o  -o cmTC_4e8b9 
CMakeFiles/cmTC_4e8b9.dir/CheckSymbolExists.c.o: In function `main':
CheckSymbolExists.c:(.text+0x16): undefined reference to `pthread_create'
collect2: error: ld returned 1 exit status
CMakeFiles/cmTC_4e8b9.dir/build.make:86: recipe for target 'cmTC_4e8b9' failed
make[1]: *** [cmTC_4e8b9] Error 1
make[1]: Leaving directory '/home/cair/Desktop/ss_ws/build/CMakeFiles/CMakeTmp'
Makefile:121: recipe for target 'cmTC_4e8b9/fast' failed
make: *** [cmTC_4e8b9/fast] Error 2

File /home/cair/Desktop/ss_ws/build/CMakeFiles/CMakeTmp/CheckSymbolExists.c:
/* */
#include <pthread.h>

int main(int argc, char** argv)
{
  (void)argv;
#ifndef pthread_create
  return ((int*)(&pthread_create))[argc];
#else
  (void)argc;
  return 0;
#endif
}

Determining if the function pthread_create exists in the pthreads failed with the following output:
Change Dir: /home/cair/Desktop/ss_ws/build/CMakeFiles/CMakeTmp

Run Build Command:"/usr/bin/make" "cmTC_0454f/fast"
/usr/bin/make -f CMakeFiles/cmTC_0454f.dir/build.make CMakeFiles/cmTC_0454f.dir/build
make[1]: Entering directory '/home/cair/Desktop/ss_ws/build/CMakeFiles/CMakeTmp'
Building C object CMakeFiles/cmTC_0454f.dir/CheckFunctionExists.c.o
/usr/bin/cc   -DCHECK_FUNCTION_EXISTS=pthread_create   -o CMakeFiles/cmTC_0454f.dir/CheckFunctionExists.c.o   -c /usr/local/share/cmake-3.12/Modules/CheckFunctionExists.c
Linking C executable cmTC_0454f
/usr/local/bin/cmake -E cmake_link_script CMakeFiles/cmTC_0454f.dir/link.txt --verbose=1
/usr/bin/cc  -DCHECK_FUNCTION_EXISTS=pthread_create    -rdynamic CMakeFiles/cmTC_0454f.dir/CheckFunctionExists.c.o  -o cmTC_0454f -lpthreads 
/usr/bin/ld: cannot find -lpthreads
collect2: error: ld returned 1 exit status
CMakeFiles/cmTC_0454f.dir/build.make:86: recipe for target 'cmTC_0454f' failed
make[1]: *** [cmTC_0454f] Error 1
make[1]: Leaving directory '/home/cair/Desktop/ss_ws/build/CMakeFiles/CMakeTmp'
Makefile:121: recipe for target 'cmTC_0454f/fast' failed
make: *** [cmTC_0454f/fast] Error 2


